0 info it worked if it ends with ok
1 verbose cli [ 'C:\\nodejs\\node.exe',
1 verbose cli   'C:\\nodejs\\node_modules\\npm\\bin\\npm-cli.js',
1 verbose cli   'run',
1 verbose cli   'build' ]
2 info using npm@3.10.10
3 info using node@v6.11.2
4 verbose run-script [ 'prebuild', 'build', 'postbuild' ]
5 info lifecycle xhdoublelinebalance@0.0.1~prebuild: xhdoublelinebalance@0.0.1
6 silly lifecycle xhdoublelinebalance@0.0.1~prebuild: no script for prebuild, continuing
7 info lifecycle xhdoublelinebalance@0.0.1~build: xhdoublelinebalance@0.0.1
8 verbose lifecycle xhdoublelinebalance@0.0.1~build: unsafe-perm in lifecycle true
9 verbose lifecycle xhdoublelinebalance@0.0.1~build: PATH: C:\nodejs\node_modules\npm\bin\node-gyp-bin;D:\Git\database\xhdoublelinebalance\node_modules\.bin;C:\WINDOWS\system32;C:\WINDOWS;C:\WINDOWS\System32\Wbem;C:\WINDOWS\System32\WindowsPowerShell\v1.0\;C:\nodejs\;D:\webrd\php;D:\Git\cmd;C:\Program Files (x86)\Windows Kits\8.1\Windows Performance Toolkit\;C:\nodejs\node_modules\node_global;d:\webrd\php\ext;D:\Database\mysql\bin;C:\Users\Huang Yuanjie\AppData\Local\Microsoft\WindowsApps;C:\Users\Huang Yuanjie\AppData\Roaming\npm;
10 verbose lifecycle xhdoublelinebalance@0.0.1~build: CWD: D:\Git\database\xhdoublelinebalance
11 silly lifecycle xhdoublelinebalance@0.0.1~build: Args: [ '/d /s /c',
11 silly lifecycle   'webpack -p --config webpack.build.config.js --progress --colors' ]
12 silly lifecycle xhdoublelinebalance@0.0.1~build: Returned: code: 1  signal: null
13 info lifecycle xhdoublelinebalance@0.0.1~build: Failed to exec build script
14 verbose stack Error: xhdoublelinebalance@0.0.1 build: `webpack -p --config webpack.build.config.js --progress --colors`
14 verbose stack Exit status 1
14 verbose stack     at EventEmitter.<anonymous> (C:\nodejs\node_modules\npm\lib\utils\lifecycle.js:255:16)
14 verbose stack     at emitTwo (events.js:106:13)
14 verbose stack     at EventEmitter.emit (events.js:191:7)
14 verbose stack     at ChildProcess.<anonymous> (C:\nodejs\node_modules\npm\lib\utils\spawn.js:40:14)
14 verbose stack     at emitTwo (events.js:106:13)
14 verbose stack     at ChildProcess.emit (events.js:191:7)
14 verbose stack     at maybeClose (internal/child_process.js:891:16)
14 verbose stack     at Process.ChildProcess._handle.onexit (internal/child_process.js:226:5)
15 verbose pkgid xhdoublelinebalance@0.0.1
16 verbose cwd D:\Git\database\xhdoublelinebalance
17 error Windows_NT 10.0.15063
18 error argv "C:\\nodejs\\node.exe" "C:\\nodejs\\node_modules\\npm\\bin\\npm-cli.js" "run" "build"
19 error node v6.11.2
20 error npm  v3.10.10
21 error code ELIFECYCLE
22 error xhdoublelinebalance@0.0.1 build: `webpack -p --config webpack.build.config.js --progress --colors`
22 error Exit status 1
23 error Failed at the xhdoublelinebalance@0.0.1 build script 'webpack -p --config webpack.build.config.js --progress --colors'.
23 error Make sure you have the latest version of node.js and npm installed.
23 error If you do, this is most likely a problem with the xhdoublelinebalance package,
23 error not with npm itself.
23 error Tell the author that this fails on your system:
23 error     webpack -p --config webpack.build.config.js --progress --colors
23 error You can get information on how to open an issue for this project with:
23 error     npm bugs xhdoublelinebalance
23 error Or if that isn't available, you can get their info via:
23 error     npm owner ls xhdoublelinebalance
23 error There is likely additional logging output above.
24 verbose exit [ 1, true ]
